Arguments: 
  /usr/local/bin/node /Users/a18882344/.npm-global/bin/yarn add react react-dom

PATH: 
  /Users/a18882344/.npm-global/bin:/usr/local/bin:/usr/bin:/bin:/usr/sbin:/sbin:/Library/Apple/usr/bin

Yarn version: 
  1.22.17

Node version: 
  14.16.0

Platform: 
  darwin x64

Trace: 
  Error: self signed certificate in certificate chain
      at TLSSocket.onConnectSecure (_tls_wrap.js:1497:34)
      at TLSSocket.emit (events.js:315:20)
      at TLSSocket._finishInit (_tls_wrap.js:932:8)
      at TLSWrap.ssl.onhandshakedone (_tls_wrap.js:706:12)

npm manifest: 
  {
    "name": "build-project",
    "version": "0.0.0",
    "author": "Константин Безпалов",
    "license": "ISC",
    "repository": {
      "type": "git",
      "url": "git+https://github.com/kaptor2/build-project.git"
    },
    "scripts": {}
  }

yarn manifest: 
  No manifest

Lockfile: 
  No lockfile
